c:\users\gabri\source\repos\aula-algoritmos-2\aplicacaocpp\aplicacaocpp\debug\aplicacaocpp.pch
c:\users\gabri\source\repos\aula-algoritmos-2\aplicacaocpp\aplicacaocpp\debug\vc140.pdb
c:\users\gabri\source\repos\aula-algoritmos-2\aplicacaocpp\aplicacaocpp\debug\vc140.idb
c:\users\gabri\source\repos\aula-algoritmos-2\aplicacaocpp\aplicacaocpp\debug\stdafx.obj
c:\users\gabri\source\repos\aula-algoritmos-2\aplicacaocpp\aplicacaocpp\debug\aplicacaocpp.obj
c:\users\gabri\source\repos\aula-algoritmos-2\aplicacaocpp\debug\aplicacaocpp.ilk
c:\users\gabri\source\repos\aula-algoritmos-2\aplicacaocpp\debug\aplicacaocpp.exe
c:\users\gabri\source\repos\aula-algoritmos-2\aplicacaocpp\debug\aplicacaocpp.pdb
c:\users\re035148\source\repos\aula-algoritmos-2\aplicacaocpp\aplicacaocpp\debug\aplicacaocpp.obj
c:\users\re035148\source\repos\aula-algoritmos-2\aplicacaocpp\aplicacaocpp\debug\stdafx.obj
c:\users\re035148\source\repos\aula-algoritmos-2\aplicacaocpp\aplicacaocpp\debug\aplicacaocpp.pch
c:\users\re035148\source\repos\aula-algoritmos-2\aplicacaocpp\aplicacaocpp\debug\vc140.idb
c:\users\re035148\source\repos\aula-algoritmos-2\aplicacaocpp\aplicacaocpp\debug\vc140.pdb
c:\users\re035148\source\repos\aula-algoritmos-2\aplicacaocpp\debug\aplicacaocpp.pdb
c:\users\re035148\source\repos\aula-algoritmos-2\aplicacaocpp\debug\aplicacaocpp.exe
c:\users\re035148\source\repos\aula-algoritmos-2\aplicacaocpp\debug\aplicacaocpp.ilk
c:\users\re035148\source\repos\aula-algoritmos-2\aplicacaocpp\aplicacaocpp\debug\aplicacaocpp.tlog\cl.command.1.tlog
c:\users\re035148\source\repos\aula-algoritmos-2\aplicacaocpp\aplicacaocpp\debug\aplicacaocpp.tlog\cl.read.1.tlog
c:\users\re035148\source\repos\aula-algoritmos-2\aplicacaocpp\aplicacaocpp\debug\aplicacaocpp.tlog\cl.write.1.tlog
c:\users\re035148\source\repos\aula-algoritmos-2\aplicacaocpp\aplicacaocpp\debug\aplicacaocpp.tlog\link.command.1.tlog
c:\users\re035148\source\repos\aula-algoritmos-2\aplicacaocpp\aplicacaocpp\debug\aplicacaocpp.tlog\link.read.1.tlog
c:\users\re035148\source\repos\aula-algoritmos-2\aplicacaocpp\aplicacaocpp\debug\aplicacaocpp.tlog\link.write.1.tlog
